<?xml version="1.0" encoding="UTF-8"?>
<testsuite name="Certification" tests="1" skipped="0" failures="1" errors="0" timestamp="2023-10-19T22:33:07" hostname="QV-3978" time="0.541">
  <properties/>
  <testcase name="Login Bancolombia" classname="Certification" time="0.541">
    <failure message="java.lang.IllegalStateException: The driver executable must exist: C:\Users\Scastaño\Bancolombia projects\Automation_Certification\src\test\resources\files\chromedriver.exe" type="java.lang.IllegalStateException">java.lang.IllegalStateException: The driver executable must exist: C:\Users\Scastaño\Bancolombia projects\Automation_Certification\src\test\resources\files\chromedriver.exe
	at org.openqa.selenium.internal.Require$FileStateChecker.isFile(Require.java:345)
	at org.openqa.selenium.remote.service.DriverService.checkExecutable(DriverService.java:160)
	at org.openqa.selenium.remote.service.DriverService.findExecutable(DriverService.java:155)
	at org.openqa.selenium.chrome.ChromeDriverService.access$000(ChromeDriverService.java:39)
	at org.openqa.selenium.chrome.ChromeDriverService$Builder.findDefaultExecutable(ChromeDriverService.java:233)
	at org.openqa.selenium.remote.service.DriverService$Builder.build(DriverService.java:455)
	at org.openqa.selenium.chrome.ChromeDriverService.createServiceWithConfig(ChromeDriverService.java:142)
	at org.openqa.selenium.chrome.ChromeDriver.&lt;init&gt;(ChromeDriver.java:70)
	at co.com.bancolombia.certification.utils.webdriver.WebDriver.&lt;init&gt;(WebDriver.java:34)
	at co.com.bancolombia.certification.utils.webdriver.WebDriver.inLZ(WebDriver.java:48)
	at co.com.bancolombia.certification.stepsdefinitions.HomeStepDefinitionTP.thatTheUserIsSuccessfullyLoggedIn(HomeStepDefinitionTP.java:39)
	at ✽.that the user is successfully logged in(file:///C:/Users/Scastaño/Bancolombia%20projects/Automation_Certification/src/test/resources/features/home_bancolombia.feature:11)
</failure>
  </testcase>
  <system-out><![CDATA[]]></system-out>
  <system-err><![CDATA[]]></system-err>
</testsuite>
